Arguments: 
  D:\Program Files\nodejs\node.exe C:\Users\王志强\AppData\Roaming\npm\node_modules\yarn\bin\yarn.js dev

PATH: 
  D:\\Program Files\NVIDIA GPU Computing Toolkit\CUDA\v11.1\bin;D:\\Program Files\NVIDIA GPU Computing Toolkit\CUDA\v11.1\libnvvp;D:\Program Files\NVIDIA GPU Computing Toolkit\CUDA\v11.1\extras\CUPTI\lib64;D:\Program Files\NVIDIA GPU Computing Toolkit\CUDA\v11.1\cudnn\bin;C:\Program Files\PlasticSCM5\server;C:\Program Files\PlasticSCM5\client;D:\VMware\bin\;D:\down_edge\WINDOWS.X64_193000_db_home\bin;C:\Windows\system32;C:\Windows;C:\Windows\System32\Wbem;C:\Windows\System32\WindowsPowerShell\v1.0\;C:\Windows\System32\OpenSSH\;C:\Program Files (x86)\NVIDIA Corporation\PhysX\Common;C:\Program Files\NVIDIA Corporation\NVIDIA NvDLISR;C:\WINDOWS\system32;C:\WINDOWS;C:\WINDOWS\System32\Wbem;C:\WINDOWS\System32\WindowsPowerShell\v1.0\;C:\WINDOWS\System32\OpenSSH\;C:\Program Files\dotnet\;D:\latex\CTEX\CTeX;D:\latex\CTEX\CTeX\Packages\ctex\bin;D:\latex\CTEX\CTeX\Packages\cct\bin;D:\latex\CTEX\CTeX\Packages\ty\bin;D:\wechat_devtools\微信web开发者工具\dll;C:\Pro;ram Files (x86)\Microsoft SQL Server\150\DTS\Binn\;D:\Program Files\Azure Data Studio\bin;D:\\Program Files\NVIDIA Corporation\NVIDIA NvDLISR;D:\Program Files\dotnet\;D:\Xshell\;D:\Program Files\Git\cmd;D:\latex\CTEX\CTeX;D:\latex\CTEX\CTeX\Packages\ctex\bin;D:\latex\CTEX\CTeX;D:\latex\CTEX\CTeX\Packages\cct\bin;D:\latex\CTEX\CTeX;D:\latex\CTEX\CTeX\Packages\ty\bin;D:\Program Files\nodejs\;C:\Program Files\Microsoft SQL Server\Client SDK\ODBC\170\Tools\Binn\;D:\Program Files\opencv\build\x64\vc16\bin;D:\Anaconda3\envs\speech\Lib\site-packages\pyqt5_tools;D:\Program Files\MATLAB\R2023a\bin;D:\Program Files\MySQL\MySQL Server 8.0\bin;C:\Program Files (x86)\Microsoft SQL Server\160\Tools\Binn\;C:\Program Files\Microsoft SQL Server\160\Tools\Binn\;C:\Program Files\Microsoft SQL Server\160\DTS\Binn\;D:\Program Files\MySQL\MySQL Shell 8.0\bin\;C:\Users\王志强\AppData\Local\Programs\Python\Launcher\;D:\Anaconda Navigator;D:\Anaconda Navigator\Library\mingw-w64\bin;D:\Anaconda Navigator\Library\usr\bin;D:\Anaconda Navigator\Library\bin;D:\Anaconda Navigator\Scripts;D:\Anaconda3;D:\Anaconda3\Library\mingw-w64\bin;D:\Anaconda3\Library\usr\bin;D:\Anaconda3\Library\bin;D:\Anaconda3\Scripts;C:\Windows\Temp\BNZ.619e0dfb18c9b\templates;C:\Windows\Temp\BNZ.619e0dfb18c9b\tools\cocos2d-console\bin;D:\python\Scripts\;D:\python\;C:\Users\王志强\AppData\Local\Microsoft\WindowsApps;C:\Program Files\dotnet\tools;C:\Users\王志强\.dotnet\tools;D:\PyCharm Community Edition 2022.2.2\bin;;C:\Users\王志强\AppData\Local\GitHubDesktop\bin;D:\Microsoft VS Code\bin;D:\Program Files\Azure Data Studio\bin;C:\Users\王志强\AppData\Roaming\npm;D:\Program Files\opencv\build\x64\vc16\bin;;D:\Program Files\Microsoft VS Code Insiders\bin

Yarn version: 
  1.22.19

Node version: 
  18.12.1

Platform: 
  win32 x64

Trace: 
  SyntaxError: D:\Desktop\COSMIC\Virtual-Simulation-Experiment\package.json: Unexpected token < in JSON at position 22
      at JSON.parse (<anonymous>)
      at C:\Users\王志强\AppData\Roaming\npm\node_modules\yarn\lib\cli.js:1629:59
      at Generator.next (<anonymous>)
      at step (C:\Users\王志强\AppData\Roaming\npm\node_modules\yarn\lib\cli.js:310:30)
      at C:\Users\王志强\AppData\Roaming\npm\node_modules\yarn\lib\cli.js:321:13

npm manifest: 
  {
    "dependencies": {
  <<<<<<< HEAD
      "@antv/g2plot": "^2.4.29",
      "@types/echarts": "^4.9.18",
      "ant-design-vue": "^3.2.19",
      "echarts": "^5.4.2"
  =======
      "ant-design-vue": "^3.2.17",
      "element-plus": "^2.3.3"
  >>>>>>> origin/13_COSMIC_SoftwareScaleMeasurement
    }
  }

yarn manifest: 
  No manifest

Lockfile: 
  # THIS IS AN AUTOGENERATED FILE. DO NOT EDIT THIS FILE DIRECTLY.
  # yarn lockfile v1
  
  
  "@ant-design/colors@^6.0.0":
    "integrity" "sha512-qAZRvPzfdWHtfameEGP2Qvuf838NhergR35o+EuVyB5XvSA98xod5r4utvi4TJ3ywmevm290g9nsCG5MryrdWQ=="
    "resolved" "https://registry.npmjs.org/@ant-design/colors/-/colors-6.0.0.tgz"
    "version" "6.0.0"
    dependencies:
      "@ctrl/tinycolor" "^3.4.0"
  
  "@ant-design/icons-svg@^4.2.1":
    "integrity" "sha512-EB0iwlKDGpG93hW8f85CTJTs4SvMX7tt5ceupvhALp1IF44SeUFOMhKUOYqpsoYWQKAOuTRDMqn75rEaKDp0Xw=="
    "resolved" "https://registry.npmjs.org/@ant-design/icons-svg/-/icons-svg-4.2.1.tgz"
    "version" "4.2.1"
  
  "@ant-design/icons-vue@^6.1.0":
    "integrity" "sha512-EX6bYm56V+ZrKN7+3MT/ubDkvJ5rK/O2t380WFRflDcVFgsvl3NLH7Wxeau6R8DbrO5jWR6DSTC3B6gYFp77AA=="
    "resolved" "https://registry.npmjs.org/@ant-design/icons-vue/-/icons-vue-6.1.0.tgz"
    "version" "6.1.0"
    dependencies:
      "@ant-design/colors" "^6.0.0"
      "@ant-design/icons-svg" "^4.2.1"
  
  "@babel/parser@^7.16.4":
    "integrity" "sha512-alVJj7k7zIxqBZ7BTRhz0IqJFxW1VJbm6N8JbcYhQ186df9ZBPbZBmWSqAMXwHGsCJdYks7z/voa3ibiS5bCIw=="
    "resolved" "https://registry.npmjs.org/@babel/parser/-/parser-7.21.4.tgz"
    "version" "7.21.4"
  
  "@babel/runtime@^7.10.5":
    "integrity" "sha512-xwII0//EObnq89Ji5AKYQaRYiW/nZ3llSv29d49IuxPhKbtJoLP+9QUUZ4nVragQVtaVGeZrpB+ZtG/Pdy/POw=="
    "resolved" "https://registry.npmjs.org/@babel/runtime/-/runtime-7.21.0.tgz"
    "version" "7.21.0"
    dependencies:
      "regenerator-runtime" "^0.13.11"
  
  "@ctrl/tinycolor@^3.4.0", "@ctrl/tinycolor@^3.4.1":
    "integrity" "sha512-/Z3l6pXthq0JvMYdUFyX9j0MaCltlIn6mfh9jLyQwg5aPKxkyNa0PTHtU1AlFXLNk55ZuAeJRcpvq+tmLfKmaQ=="
    "resolved" "https://registry.npmjs.org/@ctrl/tinycolor/-/tinycolor-3.6.0.tgz"
    "version" "3.6.0"
  
  "@element-plus/icons-vue@^2.0.6":
    "integrity" "sha512-PSBn3elNoanENc1vnCfh+3WA9fimRC7n+fWkf3rE5jvv+aBohNHABC/KAR5KWPecxWxDTVT1ERpRbOMRcOV/vA=="
    "resolved" "https://registry.npmjs.org/@element-plus/icons-vue/-/icons-vue-2.1.0.tgz"
    "version" "2.1.0"
  
  "@floating-ui/core@^1.2.6":
    "integrity" "sha512-EvYTiXet5XqweYGClEmpu3BoxmsQ4hkj3QaYA6qEnigCWffTP3vNRwBReTdrwDwo7OoJ3wM8Uoe9Uk4n+d4hfg=="
    "resolved" "https://registry.npmjs.org/@floating-ui/core/-/core-1.2.6.tgz"
    "version" "1.2.6"
  
  "@floating-ui/dom@^1.0.1":
    "integrity" "sha512-02vxFDuvuVPs22iJICacezYJyf7zwwOCWkPNkWNBr1U0Qt1cKFYzWvxts0AmqcOQGwt/3KJWcWIgtbUU38keyw=="
    "resolved" "https://registry.npmjs.org/@floating-ui/dom/-/dom-1.2.6.tgz"
    "version" "1.2.6"
    dependencies:
      "@floating-ui/core" "^1.2.6"
  
  "@popperjs/core@npm:@sxzz/popperjs-es@^2.11.7":
    "integrity" "sha512-Ccy0NlLkzr0Ex2FKvh2X+OyERHXJ88XJ1MXtsI9y9fGexlaXaVTPzBCRBwIxFkORuOb+uBqeu+RqnpgYTEZRUQ=="
    "resolved" "https://registry.npmjs.org/@sxzz/popperjs-es/-/popperjs-es-2.11.7.tgz"
    "version" "2.11.7"
  
  "@simonwep/pickr@~1.8.0":
    "integrity" "sha512-/l5w8BIkrpP6n1xsetx9MWPWlU6OblN5YgZZphxan0Tq4BByTCETL6lyIeY8lagalS2Nbt4F2W034KHLIiunKA=="
    "resolved" "https://registry.npmjs.org/@simonwep/pickr/-/pickr-1.8.2.tgz"
    "version" "1.8.2"
    dependencies:
      "core-js" "^3.15.1"
      "nanopop" "^2.1.0"
  
  "@types/lodash-es@*", "@types/lodash-es@^4.17.6":
    "integrity" "sha512-z0ptr6UI10VlU6l5MYhGwS4mC8DZyYer2mCoyysZtSF7p26zOX8UpbrV0YpNYLGS8K4PUFIyEr62IMFFjveSiQ=="
    "resolved" "https://registry.npmjs.org/@types/lodash-es/-/lodash-es-4.17.7.tgz"
    "version" "4.17.7"
    dependencies:
      "@types/lodash" "*"
  
  "@types/lodash@*", "@types/lodash@^4.14.182":
    "integrity" "sha512-r22s9tAS7imvBt2lyHC9B8AGwWnXaYb1tY09oyLkXDs4vArpYJzw09nj8MLx5VfciBPGIb+ZwG0ssYnEPJxn/g=="
    "resolved" "https://registry.npmjs.org/@types/lodash/-/lodash-4.14.194.tgz"
    "version" "4.14.194"
  
  "@types/web-bluetooth@^0.0.16":
    "integrity" "sha512-oh8q2Zc32S6gd/j50GowEjKLoOVOwHP/bWVjKJInBwQqdOYMdPrf1oVlelTlyfFK3CKxL1uahMDAr+vy8T7yMQ=="
    "resolved" "https://registry.npmjs.org/@types/web-bluetooth/-/web-bluetooth-0.0.16.tgz"
    "version" "0.0.16"
  
  "@vue/compiler-core@3.2.47":
    "integrity" "sha512-p4D7FDnQb7+YJmO2iPEv0SQNeNzcbHdGByJDsT4lynf63AFkOTFN07HsiRSvjGo0QrxR/o3d0hUyNCUnBU2Tig=="
    "resolved" "https://registry.npmjs.org/@vue/compiler-core/-/compiler-core-3.2.47.tgz"
    "version" "3.2.47"
    dependencies:
      "@babel/parser" "^7.16.4"
      "@vue/shared" "3.2.47"
      "estree-walker" "^2.0.2"
      "source-map" "^0.6.1"
  
  "@vue/compiler-dom@3.2.47":
    "integrity" "sha512-dBBnEHEPoftUiS03a4ggEig74J2YBZ2UIeyfpcRM2tavgMWo4bsEfgCGsu+uJIL/vax9S+JztH8NmQerUo7shQ=="
    "resolved" "https://registry.npmjs.org/@vue/compiler-dom/-/compiler-dom-3.2.47.tgz"
    "version" "3.2.47"
    dependencies:
      "@vue/compiler-core" "3.2.47"
      "@vue/shared" "3.2.47"
  
  "@vue/compiler-sfc@3.2.47":
    "integrity" "sha512-rog05W+2IFfxjMcFw10tM9+f7i/+FFpZJJ5XHX72NP9eC2uRD+42M3pYcQqDXVYoj74kHMSEdQ/WmCjt8JFksQ=="
    "resolved" "https://registry.npmjs.org/@vue/compiler-sfc/-/compiler-sfc-3.2.47.tgz"
    "version" "3.2.47"
    dependencies:
      "@babel/parser" "^7.16.4"
      "@vue/compiler-core" "3.2.47"
      "@vue/compiler-dom" "3.2.47"
      "@vue/compiler-ssr" "3.2.47"
      "@vue/reactivity-transform" "3.2.47"
      "@vue/shared" "3.2.47"
      "estree-walker" "^2.0.2"
      "magic-string" "^0.25.7"
      "postcss" "^8.1.10"
      "source-map" "^0.6.1"
  
  "@vue/compiler-ssr@3.2.47":
    "integrity" "sha512-wVXC+gszhulcMD8wpxMsqSOpvDZ6xKXSVWkf50Guf/S+28hTAXPDYRTbLQ3EDkOP5Xz/+SY37YiwDquKbJOgZw=="
    "resolved" "https://registry.npmjs.org/@vue/compiler-ssr/-/compiler-ssr-3.2.47.tgz"
    "version" "3.2.47"
    dependencies:
      "@vue/compiler-dom" "3.2.47"
      "@vue/shared" "3.2.47"
  
  "@vue/reactivity-transform@3.2.47":
    "integrity" "sha512-m8lGXw8rdnPVVIdIFhf0LeQ/ixyHkH5plYuS83yop5n7ggVJU+z5v0zecwEnX7fa7HNLBhh2qngJJkxpwEEmYA=="
    "resolved" "https://registry.npmjs.org/@vue/reactivity-transform/-/reactivity-transform-3.2.47.tgz"
    "version" "3.2.47"
    dependencies:
      "@babel/parser" "^7.16.4"
      "@vue/compiler-core" "3.2.47"
      "@vue/shared" "3.2.47"
      "estree-walker" "^2.0.2"
      "magic-string" "^0.25.7"
  
  "@vue/reactivity@3.2.47":
    "integrity" "sha512-7khqQ/75oyyg+N/e+iwV6lpy1f5wq759NdlS1fpAhFXa8VeAIKGgk2E/C4VF59lx5b+Ezs5fpp/5WsRYXQiKxQ=="
    "resolved" "https://registry.npmjs.org/@vue/reactivity/-/reactivity-3.2.47.tgz"
    "version" "3.2.47"
    dependencies:
      "@vue/shared" "3.2.47"
  
  "@vue/runtime-core@3.2.47":
    "integrity" "sha512-RZxbLQIRB/K0ev0K9FXhNbBzT32H9iRtYbaXb0ZIz2usLms/D55dJR2t6cIEUn6vyhS3ALNvNthI+Q95C+NOpA=="
    "resolved" "https://registry.npmjs.org/@vue/runtime-core/-/runtime-core-3.2.47.tgz"
    "version" "3.2.47"
    dependencies:
      "@vue/reactivity" "3.2.47"
      "@vue/shared" "3.2.47"
  
  "@vue/runtime-dom@3.2.47":
    "integrity" "sha512-ArXrFTjS6TsDei4qwNvgrdmHtD930KgSKGhS5M+j8QxXrDJYLqYw4RRcDy1bz1m1wMmb6j+zGLifdVHtkXA7gA=="
    "resolved" "https://registry.npmjs.org/@vue/runtime-dom/-/runtime-dom-3.2.47.tgz"
    "version" "3.2.47"
    dependencies:
      "@vue/runtime-core" "3.2.47"
      "@vue/shared" "3.2.47"
      "csstype" "^2.6.8"
  
  "@vue/server-renderer@3.2.47":
    "integrity" "sha512-dN9gc1i8EvmP9RCzvneONXsKfBRgqFeFZLurmHOveL7oH6HiFXJw5OGu294n1nHc/HMgTy6LulU/tv5/A7f/LA=="
    "resolved" "https://registry.npmjs.org/@vue/server-renderer/-/server-renderer-3.2.47.tgz"
    "version" "3.2.47"
    dependencies:
      "@vue/compiler-ssr" "3.2.47"
      "@vue/shared" "3.2.47"
  
  "@vue/shared@3.2.47":
    "integrity" "sha512-BHGyyGN3Q97EZx0taMQ+OLNuZcW3d37ZEVmEAyeoA9ERdGvm9Irc/0Fua8SNyOtV1w6BS4q25wbMzJujO9HIfQ=="
    "resolved" "https://registry.npmjs.org/@vue/shared/-/shared-3.2.47.tgz"
    "version" "3.2.47"
  
  "@vueuse/core@^9.1.0":
    "integrity" "sha512-pujnclbeHWxxPRqXWmdkKV5OX4Wk4YeK7wusHqRwU0Q7EFusHoqNA/aPhB6KCh9hEqJkLAJo7bb0Lh9b+OIVzw=="
    "resolved" "https://registry.npmjs.org/@vueuse/core/-/core-9.13.0.tgz"
    "version" "9.13.0"
    dependencies:
      "@types/web-bluetooth" "^0.0.16"
      "@vueuse/metadata" "9.13.0"
      "@vueuse/shared" "9.13.0"
      "vue-demi" "*"
  
  "@vueuse/metadata@9.13.0":
    "integrity" "sha512-gdU7TKNAUVlXXLbaF+ZCfte8BjRJQWPCa2J55+7/h+yDtzw3vOoGQDRXzI6pyKyo6bXFT5/QoPE4hAknExjRLQ=="
    "resolved" "https://registry.npmjs.org/@vueuse/metadata/-/metadata-9.13.0.tgz"
    "version" "9.13.0"
  
  "@vueuse/shared@9.13.0":
    "integrity" "sha512-UrnhU+Cnufu4S6JLCPZnkWh0WwZGUp72ktOF2DFptMlOs3TOdVv8xJN53zhHGARmVOsz5KqOls09+J1NR6sBKw=="
    "resolved" "https://registry.npmjs.org/@vueuse/shared/-/shared-9.13.0.tgz"
    "version" "9.13.0"
    dependencies:
      "vue-demi" "*"
  
  "ant-design-vue@^3.2.17":
    "integrity" "sha512-fUHC1PRF3/UTDu7WjaKq2awyqET2mGfEytNOjfbUrvq5Q4AzNghzJlCWh1saCuA+VjnRRBCYu34StZ44cDmbFg=="
    "resolved" "https://registry.npmjs.org/ant-design-vue/-/ant-design-vue-3.2.17.tgz"
    "version" "3.2.17"
    dependencies:
      "@ant-design/colors" "^6.0.0"
      "@ant-design/icons-vue" "^6.1.0"
      "@babel/runtime" "^7.10.5"
      "@ctrl/tinycolor" "^3.4.0"
      "@simonwep/pickr" "~1.8.0"
      "array-tree-filter" "^2.1.0"
      "async-validator" "^4.0.0"
      "dayjs" "^1.10.5"
      "dom-align" "^1.12.1"
      "dom-scroll-into-view" "^2.0.0"
      "lodash" "^4.17.21"
      "lodash-es" "^4.17.15"
      "resize-observer-polyfill" "^1.5.1"
      "scroll-into-view-if-needed" "^2.2.25"
      "shallow-equal" "^1.0.0"
      "vue-types" "^3.0.0"
      "warning" "^4.0.0"
  
  "array-tree-filter@^2.1.0":
    "integrity" "sha512-4ROwICNlNw/Hqa9v+rk5h22KjmzB1JGTMVKP2AKJBOCgb0yL0ASf0+YvCcLNNwquOHNX48jkeZIJ3a+oOQqKcw=="
    "resolved" "https://registry.npmjs.org/array-tree-filter/-/array-tree-filter-2.1.0.tgz"
    "version" "2.1.0"
  
  "async-validator@^4.0.0", "async-validator@^4.2.5":
    "integrity" "sha512-7HhHjtERjqlNbZtqNqy2rckN/SpOOlmDliet+lP7k+eKZEjPk3DgyeU9lIXLdeLz0uBbbVp+9Qdow9wJWgwwfg=="
    "resolved" "https://registry.npmjs.org/async-validator/-/async-validator-4.2.5.tgz"
    "version" "4.2.5"
  
  "compute-scroll-into-view@^1.0.20":
    "integrity" "sha512-UCB0ioiyj8CRjtrvaceBLqqhZCVP+1B8+NWQhmdsm0VXOJtobBCf1dBQmebCCo34qZmUwZfIH2MZLqNHazrfjg=="
    "resolved" "https://registry.npmjs.org/compute-scroll-into-view/-/compute-scroll-into-view-1.0.20.tgz"
    "version" "1.0.20"
  
  "core-js@^3.15.1":
    "integrity" "sha512-ZNS5nbiSwDTq4hFosEDqm65izl2CWmLz0hARJMyNQBgkUZMIF51cQiMvIQKA6hvuaeWxQDP3hEedM1JZIgTldQ=="
    "resolved" "https://registry.npmjs.org/core-js/-/core-js-3.30.1.tgz"
    "version" "3.30.1"
  
  "csstype@^2.6.8":
    "integrity" "sha512-Z1PhmomIfypOpoMjRQB70jfvy/wxT50qW08YXO5lMIJkrdq4yOTR+AW7FqutScmB9NkLwxo+jU+kZLbofZZq/w=="
    "resolved" "https://registry.npmjs.org/csstype/-/csstype-2.6.21.tgz"
    "version" "2.6.21"
  
  "dayjs@^1.10.5", "dayjs@^1.11.3":
    "integrity" "sha512-+Yw9U6YO5TQohxLcIkrXBeY73WP3ejHWVvx8XCk3gxvQDCTEmS48ZrSZCKciI7Bhl/uCMyxYtE9UqRILmFphkQ=="
    "resolved" "https://registry.npmjs.org/dayjs/-/dayjs-1.11.7.tgz"
    "version" "1.11.7"
  
  "dom-align@^1.12.1":
    "integrity" "sha512-R8LUSEay/68zE5c8/3BDxiTEvgb4xZTF0RKmAHfiEVN3klfIpXfi2/QCoiWPccVQ0J/ZGdz9OjzL4uJEP/MRAw=="
    "resolved" "https://registry.npmjs.org/dom-align/-/dom-align-1.12.4.tgz"
    "version" "1.12.4"
  
  "dom-scroll-into-view@^2.0.0":
    "integrity" "sha512-bvVTQe1lfaUr1oFzZX80ce9KLDlZ3iU+XGNE/bz9HnGdklTieqsbmsLHe+rT2XWqopvL0PckkYqN7ksmm5pe3w=="
    "resolved" "https://registry.npmjs.org/dom-scroll-into-view/-/dom-scroll-into-view-2.0.1.tgz"
    "version" "2.0.1"
  
  "element-plus@^2.3.3":
    "integrity" "sha512-Zy61OXrG6b4FF3h29A9ZOUkaEQXjCuFwNa7DlpB3Vo+42Tw5zBbHe5a4BY7i56TVJG5xTbS9UQyA726J91pDqg=="
    "resolved" "https://registry.npmjs.org/element-plus/-/element-plus-2.3.3.tgz"
    "version" "2.3.3"
    dependencies:
      "@ctrl/tinycolor" "^3.4.1"
      "@element-plus/icons-vue" "^2.0.6"
      "@floating-ui/dom" "^1.0.1"
      "@popperjs/core" "npm:@sxzz/popperjs-es@^2.11.7"
      "@types/lodash" "^4.14.182"
      "@types/lodash-es" "^4.17.6"
      "@vueuse/core" "^9.1.0"
      "async-validator" "^4.2.5"
      "dayjs" "^1.11.3"
      "escape-html" "^1.0.3"
      "lodash" "^4.17.21"
      "lodash-es" "^4.17.21"
      "lodash-unified" "^1.0.2"
      "memoize-one" "^6.0.0"
      "normalize-wheel-es" "^1.2.0"
  
  "escape-html@^1.0.3":
    "integrity" "sha512-NiSupZ4OeuGwr68lGIeym/ksIZMJodUGOSCZ/FSnTxcrekbvqrgdUxlJOMpijaKZVjAJrWrGs/6Jy8OMuyj9ow=="
    "resolved" "https://registry.npmjs.org/escape-html/-/escape-html-1.0.3.tgz"
    "version" "1.0.3"
  
  "estree-walker@^2.0.2":
    "integrity" "sha512-Rfkk/Mp/DL7JVje3u18FxFujQlTNR2q6QfMSMB7AvCBx91NGj/ba3kCfza0f6dVDbw7YlRf/nDrn7pQrCCyQ/w=="
    "resolved" "https://registry.npmjs.org/estree-walker/-/estree-walker-2.0.2.tgz"
    "version" "2.0.2"
  
  "is-plain-object@3.0.1":
    "integrity" "sha512-Xnpx182SBMrr/aBik8y+GuR4U1L9FqMSojwDQwPMmxyC6bvEqly9UBCxhauBF5vNh2gwWJNX6oDV7O+OM4z34g=="
    "resolved" "https://registry.npmjs.org/is-plain-object/-/is-plain-object-3.0.1.tgz"
    "version" "3.0.1"
  
  "js-tokens@^3.0.0 || ^4.0.0":
    "integrity" "sha512-RdJUflcE3cUzKiMqQgsCu06FPu9UdIJO0beYbPhHN4k6apgJtifcoCtT9bcxOpYBtpD2kCM6Sbzg4CausW/PKQ=="
    "resolved" "https://registry.npmjs.org/js-tokens/-/js-tokens-4.0.0.tgz"
    "version" "4.0.0"
  
  "lodash-es@*", "lodash-es@^4.17.15", "lodash-es@^4.17.21":
    "integrity" "sha512-mKnC+QJ9pWVzv+C4/U3rRsHapFfHvQFoFB92e52xeyGMcX6/OlIl78je1u8vePzYZSkkogMPJ2yjxxsb89cxyw=="
    "resolved" "https://registry.npmjs.org/lodash-es/-/lodash-es-4.17.21.tgz"
    "version" "4.17.21"
  
  "lodash-unified@^1.0.2":
    "integrity" "sha512-WK9qSozxXOD7ZJQlpSqOT+om2ZfcT4yO+03FuzAHD0wF6S0l0090LRPDx3vhTTLZ8cFKpBn+IOcVXK6qOcIlfQ=="
    "resolved" "https://registry.npmjs.org/lodash-unified/-/lodash-unified-1.0.3.tgz"
    "version" "1.0.3"
  
  "lodash@*", "lodash@^4.17.21":
    "integrity" "sha512-v2kDEe57lecTulaDIuNTPy3Ry4gLGJ6Z1O3vE1krgXZNrsQ+LFTGHVxVjcXPs17LhbZVGedAJv8XZ1tvj5FvSg=="
    "resolved" "https://registry.npmjs.org/lodash/-/lodash-4.17.21.tgz"
    "version" "4.17.21"
  
  "loose-envify@^1.0.0":
    "integrity" "sha512-lyuxPGr/Wfhrlem2CL/UcnUc1zcqKAImBDzukY7Y5F/yQiNdko6+fRLevlw1HgMySw7f611UIY408EtxRSoK3Q=="
    "resolved" "https://registry.npmjs.org/loose-envify/-/loose-envify-1.4.0.tgz"
    "version" "1.4.0"
    dependencies:
      "js-tokens" "^3.0.0 || ^4.0.0"
  
  "magic-string@^0.25.7":
    "integrity" "sha512-RmF0AsMzgt25qzqqLc1+MbHmhdx0ojF2Fvs4XnOqz2ZOBXzzkEwc/dJQZCYHAn7v1jbVOjAZfK8msRn4BxO4VQ=="
    "resolved" "https://registry.npmjs.org/magic-string/-/magic-string-0.25.9.tgz"
    "version" "0.25.9"
    dependencies:
      "sourcemap-codec" "^1.4.8"
  
  "memoize-one@^6.0.0":
    "integrity" "sha512-rkpe71W0N0c0Xz6QD0eJETuWAJGnJ9afsl1srmwPrI+yBCkge5EycXXbYRyvL29zZVUWQCY7InPRCv3GDXuZNw=="
    "resolved" "https://registry.npmjs.org/memoize-one/-/memoize-one-6.0.0.tgz"
    "version" "6.0.0"
  
  "nanoid@^3.3.4":
    "integrity" "sha512-BGcqMMJuToF7i1rt+2PWSNVnWIkGCU78jBG3RxO/bZlnZPK2Cmi2QaffxGO/2RvWi9sL+FAiRiXMgsyxQ1DIDA=="
    "resolved" "https://registry.npmjs.org/nanoid/-/nanoid-3.3.6.tgz"
    "version" "3.3.6"
  
  "nanopop@^2.1.0":
    "integrity" "sha512-fzN+T2K7/Ah25XU02MJkPZ5q4Tj5FpjmIYq4rvoHX4yb16HzFdCO6JxFFn5Y/oBhQ8no8fUZavnyIv9/+xkBBw=="
    "resolved" "https://registry.npmjs.org/nanopop/-/nanopop-2.3.0.tgz"
    "version" "2.3.0"
  
  "normalize-wheel-es@^1.2.0":
    "integrity" "sha512-Wj7+EJQ8mSuXr2iWfnujrimU35R2W4FAErEyTmJoJ7ucwTn2hOUSsRehMb5RSYkxXGTM7Y9QpvPmp++w5ftoJw=="
    "resolved" "https://registry.npmjs.org/normalize-wheel-es/-/normalize-wheel-es-1.2.0.tgz"
    "version" "1.2.0"
  
  "picocolors@^1.0.0":
    "integrity" "sha512-1fygroTLlHu66zi26VoTDv8yRgm0Fccecssto+MhsZ0D/DGW2sm8E8AjW7NU5VVTRt5GxbeZ5qBuJr+HyLYkjQ=="
    "resolved" "https://registry.npmjs.org/picocolors/-/picocolors-1.0.0.tgz"
    "version" "1.0.0"
  
  "postcss@^8.1.10":
    "integrity" "sha512-tP7u/Sn/dVxK2NnruI4H9BG+x+Wxz6oeZ1cJ8P6G/PZY0IKk4k/63TDsQf2kQq3+qoJeLm2kIBUNlZe3zgb4Zg=="
    "resolved" "https://registry.npmjs.org/postcss/-/postcss-8.4.21.tgz"
    "version" "8.4.21"
    dependencies:
      "nanoid" "^3.3.4"
      "picocolors" "^1.0.0"
      "source-map-js" "^1.0.2"
  
  "regenerator-runtime@^0.13.11":
    "integrity" "sha512-kY1AZVr2Ra+t+piVaJ4gxaFaReZVH40AKNo7UCX6W+dEwBo/2oZJzqfuN1qLq1oL45o56cPaTXELwrTh8Fpggg=="
    "resolved" "https://registry.npmjs.org/regenerator-runtime/-/regenerator-runtime-0.13.11.tgz"
    "version" "0.13.11"
  
  "resize-observer-polyfill@^1.5.1":
    "integrity" "sha512-LwZrotdHOo12nQuZlHEmtuXdqGoOD0OhaxopaNFxWzInpEgaLWoVuAMbTzixuosCx2nEG58ngzW3vxdWoxIgdg=="
    "resolved" "https://registry.npmjs.org/resize-observer-polyfill/-/resize-observer-polyfill-1.5.1.tgz"
    "version" "1.5.1"
  
  "scroll-into-view-if-needed@^2.2.25":
    "integrity" "sha512-dGCXy99wZQivjmjIqihaBQNjryrz5rueJY7eHfTdyWEiR4ttYpsajb14rn9s5d4DY4EcY6+4+U/maARBXJedkA=="
    "resolved" "https://registry.npmjs.org/scroll-into-view-if-needed/-/scroll-into-view-if-needed-2.2.31.tgz"
    "version" "2.2.31"
    dependencies:
      "compute-scroll-into-view" "^1.0.20"
  
  "shallow-equal@^1.0.0":
    "integrity" "sha512-S4vJDjHHMBaiZuT9NPb616CSmLf618jawtv3sufLl6ivK8WocjAo58cXwbRV1cgqxH0Qbv+iUt6m05eqEa2IRA=="
    "resolved" "https://registry.npmjs.org/shallow-equal/-/shallow-equal-1.2.1.tgz"
    "version" "1.2.1"
  
  "source-map-js@^1.0.2":
    "integrity" "sha512-R0XvVJ9WusLiqTCEiGCmICCMplcCkIwwR11mOSD9CR5u+IXYdiseeEuXCVAjS54zqwkLcPNnmU4OeJ6tUrWhDw=="
    "resolved" "https://registry.npmjs.org/source-map-js/-/source-map-js-1.0.2.tgz"
    "version" "1.0.2"
  
  "source-map@^0.6.1":
    "integrity" "sha512-UjgapumWlbMhkBgzT7Ykc5YXUT46F0iKu8SGXq0bcwP5dz/h0Plj6enJqjz1Zbq2l5WaqYnrVbwWOWMyF3F47g=="
    "resolved" "https://registry.npmjs.org/source-map/-/source-map-0.6.1.tgz"
    "version" "0.6.1"
  
  "sourcemap-codec@^1.4.8":
    "integrity" "sha512-9NykojV5Uih4lgo5So5dtw+f0JgJX30KCNI8gwhz2J9A15wD0Ml6tjHKwf6fTSa6fAdVBdZeNOs9eJ71qCk8vA=="
    "resolved" "https://registry.npmjs.org/sourcemap-codec/-/sourcemap-codec-1.4.8.tgz"
    "version" "1.4.8"
  
  "vue-demi@*":
    "integrity" "sha512-gt58r2ogsNQeVoQ3EhoUAvUsH9xviydl0dWJj7dabBC/2L4uBId7ujtCwDRD0JhkGsV1i0CtfLAeyYKBht9oWg=="
    "resolved" "https://registry.npmjs.org/vue-demi/-/vue-demi-0.14.0.tgz"
    "version" "0.14.0"
  
  "vue-types@^3.0.0":
    "integrity" "sha512-IwUC0Aq2zwaXqy74h4WCvFCUtoV0iSWr0snWnE9TnU18S66GAQyqQbRf2qfJtUuiFsBf6qp0MEwdonlwznlcrw=="
    "resolved" "https://registry.npmjs.org/vue-types/-/vue-types-3.0.2.tgz"
    "version" "3.0.2"
    dependencies:
      "is-plain-object" "3.0.1"
  
  "vue@^3.0.0", "vue@^3.0.0-0 || ^2.6.0", "vue@^3.2.0", "vue@>=3.0.3", "vue@>=3.2.0", "vue@3.2.47":
    "integrity" "sha512-60188y/9Dc9WVrAZeUVSDxRQOZ+z+y5nO2ts9jWXSTkMvayiWxCWOWtBQoYjLeccfXkiiPZWAHcV+WTPhkqJHQ=="
    "resolved" "https://registry.npmjs.org/vue/-/vue-3.2.47.tgz"
    "version" "3.2.47"
    dependencies:
      "@vue/compiler-dom" "3.2.47"
      "@vue/compiler-sfc" "3.2.47"
      "@vue/runtime-dom" "3.2.47"
      "@vue/server-renderer" "3.2.47"
      "@vue/shared" "3.2.47"
  
  "warning@^4.0.0":
    "integrity" "sha512-rpJyN222KWIvHJ/F53XSZv0Zl/accqHR8et1kpaMTD/fLCRxtV8iX8czMzY7sVZupTI3zcUTg8eycS2kNF9l6w=="
    "resolved" "https://registry.npmjs.org/warning/-/warning-4.0.3.tgz"
    "version" "4.0.3"
    dependencies:
      "loose-envify" "^1.0.0"
